1
0
1
ASSEMBLY
4
LAYER1-1
LAYER1
LAYER2-1
LAYER2
LAYER3-1
LAYER3
LAYER4-1
LAYER4
4
LAYER1-1
14
-2147483646
0
48 1 16 5 0 1 0 -1 -1 920 1 -1879048189 1 920 
14
48 1 16 5 0 1 0 -1 -1 920 1 -1879048189 1 920 
LAYER2-1
14
-2147483646
0
48 1 16 5 0 1 0 -1 -1 920 1 -1879048189 921 920 
14
48 1 16 5 0 1 0 -1 -1 920 1 -1879048189 1 920 
LAYER3-1
14
-2147483646
0
48 1 16 5 0 1 0 -1 -1 920 1 -1879048189 1841 920 
14
48 1 16 5 0 1 0 -1 -1 920 1 -1879048189 1 920 
LAYER4-1
14
-2147483646
0
48 1 16 5 0 1 0 -1 -1 920 1 -1879048189 2761 920 
14
48 1 16 5 0 1 0 -1 -1 920 1 -1879048189 1 920 
0
4
LAYER1-1
14
-2147483646
0
48 1 16 5 0 1 0 -1 -1 870 1 -1879048189 1 870 
14
48 1 16 5 0 1 0 -1 -1 870 1 -1879048189 1 870 
LAYER2-1
14
-2147483646
0
48 1 16 5 0 1 0 -1 -1 870 1 -1879048189 871 870 
14
48 1 16 5 0 1 0 -1 -1 870 1 -1879048189 1 870 
LAYER3-1
14
-2147483646
0
48 1 16 5 0 1 0 -1 -1 870 1 -1879048189 1741 870 
14
48 1 16 5 0 1 0 -1 -1 870 1 -1879048189 1 870 
LAYER4-1
14
-2147483646
0
48 1 16 5 0 1 0 -1 -1 870 1 -1879048189 2611 870 
14
48 1 16 5 0 1 0 -1 -1 870 1 -1879048189 1 870 
0
19

0
2
0
4
LAYER1-1
14
-2147483647
48 1 16 5 0 1 0 -1 -1 870 1 -1879048189 1 870 
LAYER2-1
14
-2147483647
48 1 16 5 0 1 0 -1 -1 870 1 -1879048189 871 870 
LAYER3-1
14
-2147483647
48 1 16 5 0 1 0 -1 -1 870 1 -1879048189 1741 870 
LAYER4-1
14
-2147483647
48 1 16 5 0 1 0 -1 -1 870 1 -1879048189 2611 870 
0
_PICKEDSET19
0
2
0
1
LAYER1-1
30
12 13 15 18 19 20 21 25 26 28 29 31 34 35 39 40 41 42 43 45 79 109 110 113 118 170 175 192 195 197 
0
_PICKEDSET20
0
2
0
1
LAYER2-1
30
882 883 885 888 889 890 891 895 896 898 899 901 904 905 909 910 911 912 913 915 949 979 980 983 988 1040 1045 1062 1065 1067 
0
_PICKEDSET21
0
2
0
1
LAYER3-1
30
1752 1753 1755 1758 1759 1760 1761 1765 1766 1768 1769 1771 1774 1775 1779 1780 1781 1782 1783 1785 1819 1849 1850 1853 1858 1910 1915 1932 1935 1937 
0
_PICKEDSET22
0
2
0
1
LAYER4-1
30
2622 2623 2625 2628 2629 2630 2631 2635 2636 2638 2639 2641 2644 2645 2649 2650 2651 2652 2653 2655 2689 2719 2720 2723 2728 2780 2785 2802 2805 2807 
0
_PICKEDSET23
0
2
0
1
LAYER1-1
30
37 47 79 85 86 88 89 90 91 92 93 94 95 96 97 98 99 100 101 102 103 104 115 116 119 120 121 122 134 145 
0
_PICKEDSET24
0
2
0
1
LAYER2-1
30
907 917 949 955 956 958 959 960 961 962 963 964 965 966 967 968 969 970 971 972 973 974 985 986 989 990 991 992 1004 1015 
0
_PICKEDSET25
0
2
0
1
LAYER3-1
30
1777 1787 1819 1825 1826 1828 1829 1830 1831 1832 1833 1834 1835 1836 1837 1838 1839 1840 1841 1842 1843 1844 1855 1856 1859 1860 1861 1862 1874 1885 
0
_PICKEDSET26
0
2
0
1
LAYER4-1
30
2647 2657 2689 2695 2696 2698 2699 2700 2701 2702 2703 2704 2705 2706 2707 2708 2709 2710 2711 2712 2713 2714 2725 2726 2729 2730 2731 2732 2744 2755 
0
_PICKEDSET28
0
2
0
1
LAYER1-1
14
-2147483647
48 1 16 5 0 1 0 -1 -1 870 1 -1879048189 1 870 
0
_PICKEDSET29
0
2
0
1
LAYER2-1
14
-2147483647
48 1 16 5 0 1 0 -1 -1 870 1 -1879048189 871 870 
0
_PICKEDSET30
0
2
0
1
LAYER3-1
14
-2147483647
48 1 16 5 0 1 0 -1 -1 870 1 -1879048189 1741 870 
0
_PICKEDSET31
0
2
0
1
LAYER4-1
14
-2147483647
48 1 16 5 0 1 0 -1 -1 870 1 -1879048189 2611 870 
0
__PICKEDSURF13_SPOS
0
2
0
1
LAYER1-1
14
-2147483647
48 1 16 5 0 1 0 -1 -1 870 1 -1879048189 1 870 
0
__PICKEDSURF14_SNEG
0
2
0
1
LAYER2-1
14
-2147483647
48 1 16 5 0 1 0 -1 -1 870 1 -1879048189 871 870 
0
__PICKEDSURF15_SPOS
0
2
0
1
LAYER2-1
14
-2147483647
48 1 16 5 0 1 0 -1 -1 870 1 -1879048189 871 870 
0
__PICKEDSURF16_SNEG
0
2
0
1
LAYER3-1
14
-2147483647
48 1 16 5 0 1 0 -1 -1 870 1 -1879048189 1741 870 
0
__PICKEDSURF17_SPOS
0
2
0
1
LAYER3-1
14
-2147483647
48 1 16 5 0 1 0 -1 -1 870 1 -1879048189 1741 870 
0
__PICKEDSURF18_SNEG
0
2
0
1
LAYER4-1
14
-2147483647
48 1 16 5 0 1 0 -1 -1 870 1 -1879048189 2611 870 
0
4
LAYER1-1
2
 P       1
0
2
14
-2147483647
48 1 16 5 0 1 0 -1 -1 870 1 -1879048189 1 870 
0
0
_PICKEDSET4
0
2
14
-2147483647
48 1 16 5 0 1 0 -1 -1 870 1 -1879048189 1 870 
0
0
0
LAYER2-1
2
 P       2
0
2
14
-2147483647
48 1 16 5 0 1 0 -1 -1 870 1 -1879048189 871 870 
0
0
_PICKEDSET4
0
2
14
-2147483647
48 1 16 5 0 1 0 -1 -1 870 1 -1879048189 871 870 
0
0
0
LAYER3-1
2
 P       3
0
2
14
-2147483647
48 1 16 5 0 1 0 -1 -1 870 1 -1879048189 1741 870 
0
0
_PICKEDSET4
0
2
14
-2147483647
48 1 16 5 0 1 0 -1 -1 870 1 -1879048189 1741 870 
0
0
0
LAYER4-1
2
 P       4
0
2
14
-2147483647
48 1 16 5 0 1 0 -1 -1 870 1 -1879048189 2611 870 
0
0
_PICKEDSET4
0
2
14
-2147483647
48 1 16 5 0 1 0 -1 -1 870 1 -1879048189 2611 870 
0
0
0
14

0
2
0
4
LAYER1-1
14
-2147483647
48 1 16 5 0 1 0 -1 -1 920 1 -1879048189 1 920 
LAYER2-1
14
-2147483647
48 1 16 5 0 1 0 -1 -1 920 1 -1879048189 921 920 
LAYER3-1
14
-2147483647
48 1 16 5 0 1 0 -1 -1 920 1 -1879048189 1841 920 
LAYER4-1
14
-2147483647
48 1 16 5 0 1 0 -1 -1 920 1 -1879048189 2761 920 
0
_PICKEDSET19
0
2
0
1
LAYER1-1
31
1 2 14 15 16 17 18 19 20 21 22 23 24 25 26 27 28 29 30 31 32 33 34 35 36 37 38 39 40 41 42 
0
_PICKEDSET20
0
2
0
1
LAYER2-1
31
921 922 934 935 936 937 938 939 940 941 942 943 944 945 946 947 948 949 950 951 952 953 954 955 956 957 958 959 960 961 962 
0
_PICKEDSET21
0
2
0
1
LAYER3-1
31
1841 1842 1854 1855 1856 1857 1858 1859 1860 1861 1862 1863 1864 1865 1866 1867 1868 1869 1870 1871 1872 1873 1874 1875 1876 1877 1878 1879 1880 1881 1882 
0
_PICKEDSET22
0
2
0
1
LAYER4-1
31
2761 2762 2774 2775 2776 2777 2778 2779 2780 2781 2782 2783 2784 2785 2786 2787 2788 2789 2790 2791 2792 2793 2794 2795 2796 2797 2798 2799 2800 2801 2802 
0
_PICKEDSET23
0
2
0
1
LAYER1-1
31
2 13 79 80 81 82 83 84 85 86 87 88 89 90 91 92 93 94 95 96 97 98 99 100 101 102 103 104 105 106 107 
0
_PICKEDSET24
0
2
0
1
LAYER2-1
31
922 933 999 1000 1001 1002 1003 1004 1005 1006 1007 1008 1009 1010 1011 1012 1013 1014 1015 1016 1017 1018 1019 1020 1021 1022 1023 1024 1025 1026 1027 
0
_PICKEDSET25
0
2
0
1
LAYER3-1
31
1842 1853 1919 1920 1921 1922 1923 1924 1925 1926 1927 1928 1929 1930 1931 1932 1933 1934 1935 1936 1937 1938 1939 1940 1941 1942 1943 1944 1945 1946 1947 
0
_PICKEDSET26
0
2
0
1
LAYER4-1
31
2762 2773 2839 2840 2841 2842 2843 2844 2845 2846 2847 2848 2849 2850 2851 2852 2853 2854 2855 2856 2857 2858 2859 2860 2861 2862 2863 2864 2865 2866 2867 
0
_PICKEDSET27
0
2
0
1
LAYER1-1
1
2 
0
_PICKEDSET28
0
2
0
1
LAYER1-1
14
-2147483647
48 1 16 5 0 1 0 -1 -1 920 1 -1879048189 1 920 
0
_PICKEDSET29
0
2
0
1
LAYER2-1
14
-2147483647
48 1 16 5 0 1 0 -1 -1 920 1 -1879048189 921 920 
0
_PICKEDSET30
0
2
0
1
LAYER3-1
14
-2147483647
48 1 16 5 0 1 0 -1 -1 920 1 -1879048189 1841 920 
0
_PICKEDSET31
0
2
0
1
LAYER4-1
14
-2147483647
48 1 16 5 0 1 0 -1 -1 920 1 -1879048189 2761 920 
0
4
LAYER1-1
2
 P       1
0
2
14
-2147483647
48 1 16 5 0 1 0 -1 -1 920 1 -1879048189 1 920 
0
0
_PICKEDSET4
0
2
14
-2147483647
48 1 16 5 0 1 0 -1 -1 920 1 -1879048189 1 920 
0
0
0
LAYER2-1
2
 P       2
0
2
14
-2147483647
48 1 16 5 0 1 0 -1 -1 920 1 -1879048189 921 920 
0
0
_PICKEDSET4
0
2
14
-2147483647
48 1 16 5 0 1 0 -1 -1 920 1 -1879048189 921 920 
0
0
0
LAYER3-1
2
 P       3
0
2
14
-2147483647
48 1 16 5 0 1 0 -1 -1 920 1 -1879048189 1841 920 
0
0
_PICKEDSET4
0
2
14
-2147483647
48 1 16 5 0 1 0 -1 -1 920 1 -1879048189 1841 920 
0
0
0
LAYER4-1
2
 P       4
0
2
14
-2147483647
48 1 16 5 0 1 0 -1 -1 920 1 -1879048189 2761 920 
0
0
_PICKEDSET4
0
2
14
-2147483647
48 1 16 5 0 1 0 -1 -1 920 1 -1879048189 2761 920 
0
0
0
0
6
_PICKEDSURF13
1
0
0
1
LAYER1-1
0
0
1
SPOS
14
-2147483647
48 1 16 5 0 1 0 -1 -1 870 1 -1879048189 1 870 
_PICKEDSURF14
1
0
0
1
LAYER2-1
0
0
1
SNEG
14
-2147483647
48 1 16 5 0 1 0 -1 -1 870 1 -1879048189 871 870 
_PICKEDSURF15
1
0
0
1
LAYER2-1
0
0
1
SPOS
14
-2147483647
48 1 16 5 0 1 0 -1 -1 870 1 -1879048189 871 870 
_PICKEDSURF16
1
0
0
1
LAYER3-1
0
0
1
SNEG
14
-2147483647
48 1 16 5 0 1 0 -1 -1 870 1 -1879048189 1741 870 
_PICKEDSURF17
1
0
0
1
LAYER3-1
0
0
1
SPOS
14
-2147483647
48 1 16 5 0 1 0 -1 -1 870 1 -1879048189 1741 870 
_PICKEDSURF18
1
0
0
1
LAYER4-1
0
0
1
SNEG
14
-2147483647
48 1 16 5 0 1 0 -1 -1 870 1 -1879048189 2611 870 
