Analysis initiated from SIMULIA established products
Abaqus JOB Cu-PI-Ni_Journal-2_9-20
Abaqus 2023
Abaqus License Manager checked out the following licenses:
Abaqus/Standard checked out 25 tokens from Flexnet server localhost.
<9974 out of 9999 licenses remain available>.
Begin Analysis Input File Processor
2023/9/20 16:46:02
Run pre.exe
2023/9/20 16:46:10
End Analysis Input File Processor
Begin Abaqus/Standard Analysis
2023/9/20 16:46:10
Run standard.exe
WARNING: No GPU Accelerator compatible driver detected.WARNING: No GPU Accelerator compatible driver detected.2023/9/20 16:46:31
End Abaqus/Standard Analysis
Begin SIM Wrap-up
2023/9/20 16:46:32
Run SMASimUtility.exe
2023/9/20 16:46:33
End SIM Wrap-up
Abaqus JOB Cu-PI-Ni_Journal-2_9-20 COMPLETED
